<?xml version="1.0" encoding="UTF-8"?>
<testsuite name="SignUpRequestTest" tests="3" skipped="0" failures="0" errors="0" timestamp="2023-09-06T08:31:39" hostname="Bramasta-2.local" time="0.017">
  <properties/>
  <testcase name="equals_shouldReturnFalse_whenFieldsHaveDifferentValue()" classname="SignUpRequestTest" time="0.008"/>
  <testcase name="equals_shouldReturnTrue_whenFieldsHaveSameValue()" classname="SignUpRequestTest" time="0.0"/>
  <testcase name="toString_shouldReturnAllFieldsExceptPassword()" classname="SignUpRequestTest" time="0.008"/>
  <system-out><![CDATA[]]></system-out>
  <system-err><![CDATA[]]></system-err>
</testsuite>
